Flow report for metro
Mon Dec 10 04:45:38 2018
Quartus II 64-Bit Version 13.1.0 Build 162 10/23/2013 SJ Web Edition


---------------------
; Table of Contents ;
---------------------
  1. Legal Notice
  2. Flow Summary
  3. Flow Settings
  4. Flow Non-Default Global Settings
  5. Flow Elapsed Time
  6. Flow OS Summary
  7. Flow Log
  8. Flow Messages
  9. Flow Suppressed Messages



----------------
; Legal Notice ;
----------------
Copyright (C) 1991-2013 Altera Corporation
Your use of Altera Corporation's design tools, logic functions 
and other software and tools, and its AMPP partner logic 
functions, and any output files from any of the foregoing 
(including device programming or simulation files), and any 
associated documentation or information are expressly subject 
to the terms and conditions of the Altera Program License 
Subscription Agreement, Altera MegaCore Function License 
Agreement, or other applicable license agreement, including, 
without limitation, that your use is for the sole purpose of 
programming logic devices manufactured by Altera and sold by 
Altera or its authorized distributors.  Please refer to the 
applicable agreement for further details.



+---------------------------------------------------------------------------------+
; Flow Summary                                                                    ;
+------------------------------------+--------------------------------------------+
; Flow Status                        ; Successful - Mon Dec 10 04:45:38 2018      ;
; Quartus II 64-Bit Version          ; 13.1.0 Build 162 10/23/2013 SJ Web Edition ;
; Revision Name                      ; metro                                      ;
; Top-level Entity Name              ; metro                                      ;
; Family                             ; Cyclone III                                ;
; Device                             ; EP3C16F484C6                               ;
; Timing Models                      ; Final                                      ;
; Total logic elements               ; 69 / 15,408 ( < 1 % )                      ;
;     Total combinational functions  ; 69 / 15,408 ( < 1 % )                      ;
;     Dedicated logic registers      ; 28 / 15,408 ( < 1 % )                      ;
; Total registers                    ; 28                                         ;
; Total pins                         ; 8 / 347 ( 2 % )                            ;
; Total virtual pins                 ; 0                                          ;
; Total memory bits                  ; 0 / 516,096 ( 0 % )                        ;
; Embedded Multiplier 9-bit elements ; 0 / 112 ( 0 % )                            ;
; Total PLLs                         ; 0 / 4 ( 0 % )                              ;
+------------------------------------+--------------------------------------------+


+-----------------------------------------+
; Flow Settings                           ;
+-------------------+---------------------+
; Option            ; Setting             ;
+-------------------+---------------------+
; Start date & time ; 12/10/2018 04:44:32 ;
; Main task         ; Compilation         ;
; Revision Name     ; metro               ;
+-------------------+---------------------+


+------------------------------------------------------------------------------------------------------------------+
; Flow Non-Default Global Settings                                                                                 ;
+-------------------------------------+-----------------------------+---------------+-------------+----------------+
; Assignment Name                     ; Value                       ; Default Value ; Entity Name ; Section Id     ;
+-------------------------------------+-----------------------------+---------------+-------------+----------------+
; COMPILER_SIGNATURE_ID               ; 90587177222.154441347202944 ; --            ; --          ; --             ;
; EDA_OUTPUT_DATA_FORMAT              ; Vhdl                        ; --            ; --          ; eda_simulation ;
; EDA_SIMULATION_TOOL                 ; ModelSim-Altera (VHDL)      ; <None>        ; --          ; --             ;
; MAX_CORE_JUNCTION_TEMP              ; 85                          ; --            ; --          ; --             ;
; MIN_CORE_JUNCTION_TEMP              ; 0                           ; --            ; --          ; --             ;
; NOMINAL_CORE_SUPPLY_VOLTAGE         ; 1.2V                        ; --            ; --          ; --             ;
; PARTITION_COLOR                     ; 16764057                    ; --            ; --          ; Top            ;
; PARTITION_FITTER_PRESERVATION_LEVEL ; PLACEMENT_AND_ROUTING       ; --            ; --          ; Top            ;
; PARTITION_NETLIST_TYPE              ; SOURCE                      ; --            ; --          ; Top            ;
; POWER_BOARD_THERMAL_MODEL           ; None (CONSERVATIVE)         ; --            ; --          ; --             ;
; POWER_PRESET_COOLING_SOLUTION       ; No Heat Sink With Still Air ; --            ; --          ; --             ;
; PROJECT_OUTPUT_DIRECTORY            ; output_files                ; --            ; --          ; --             ;
+-------------------------------------+-----------------------------+---------------+-------------+----------------+


+-------------------------------------------------------------------------------------------------------------------------------+
; Flow Elapsed Time                                                                                                             ;
+---------------------------+--------------+-------------------------+---------------------+------------------------------------+
; Module Name               ; Elapsed Time ; Average Processors Used ; Peak Virtual Memory ; Total CPU Time (on all processors) ;
+---------------------------+--------------+-------------------------+---------------------+------------------------------------+
; Analysis & Synthesis      ; 00:00:10     ; 1.0                     ; 498 MB              ; 00:00:03                           ;
; Fitter                    ; 00:00:19     ; 1.0                     ; 718 MB              ; 00:00:09                           ;
; Assembler                 ; 00:00:04     ; 1.0                     ; 439 MB              ; 00:00:02                           ;
; TimeQuest Timing Analyzer ; 00:00:09     ; 1.0                     ; 470 MB              ; 00:00:03                           ;
; EDA Netlist Writer        ; 00:00:02     ; 1.0                     ; 390 MB              ; 00:00:01                           ;
; Total                     ; 00:00:44     ; --                      ; --                  ; 00:00:18                           ;
+---------------------------+--------------+-------------------------+---------------------+------------------------------------+


+----------------------------------------------------------------------------------------+
; Flow OS Summary                                                                        ;
+---------------------------+------------------+-----------+------------+----------------+
; Module Name               ; Machine Hostname ; OS Name   ; OS Version ; Processor type ;
+---------------------------+------------------+-----------+------------+----------------+
; Analysis & Synthesis      ; sat5062          ; Windows 7 ; 6.1        ; x86_64         ;
; Fitter                    ; sat5062          ; Windows 7 ; 6.1        ; x86_64         ;
; Assembler                 ; sat5062          ; Windows 7 ; 6.1        ; x86_64         ;
; TimeQuest Timing Analyzer ; sat5062          ; Windows 7 ; 6.1        ; x86_64         ;
; EDA Netlist Writer        ; sat5062          ; Windows 7 ; 6.1        ; x86_64         ;
+---------------------------+------------------+-----------+------------+----------------+


------------
; Flow Log ;
------------
quartus_map --read_settings_files=on --write_settings_files=off metro -c metro
quartus_fit --read_settings_files=off --write_settings_files=off metro -c metro
quartus_asm --read_settings_files=off --write_settings_files=off metro -c metro
quartus_sta metro -c metro
quartus_eda --read_settings_files=off --write_settings_files=off metro -c metro



